localhost 0:0:0:0:0:0:0:1 - - [2017-04-20 12:44:33] "GET /fiveBookUser/list HTTP/1.1" 500 56704 "-" "Mozilla/4.0 (compatible; MSIE 7.0; Windows NT 6.1; WOW64; Trident/5.0; SLCC2; .NET CLR 2.0.50727; NP06; .NET4.0C; .NET4.0E; InfoPath.2; .NET CLR 3.5.30729; .NET CLR 3.0.30729)" -
localhost 0:0:0:0:0:0:0:1 - - [2017-04-20 12:44:51] "GET /MP_verify_MkesRs3VIYyWodNl.txt HTTP/1.1" 404 314 "-" "Mozilla/4.0 (compatible; MSIE 7.0; Windows NT 6.1; WOW64; Trident/5.0; SLCC2; .NET CLR 2.0.50727; NP06; .NET4.0C; .NET4.0E; InfoPath.2; .NET CLR 3.5.30729; .NET CLR 3.0.30729)" -
localhost 0:0:0:0:0:0:0:1 - - [2017-04-20 12:44:57] "GET /MP_verify_MkesRs3VIYyWodNl.txt HTTP/1.1" 404 314 "-" "Mozilla/4.0 (compatible; MSIE 7.0; Windows NT 6.1; WOW64; Trident/5.0; SLCC2; .NET CLR 2.0.50727; NP06; .NET4.0C; .NET4.0E; InfoPath.2; .NET CLR 3.5.30729; .NET CLR 3.0.30729)" -
localhost 0:0:0:0:0:0:0:1 - - [2017-04-20 12:45:23] "GET /MP_verify_MkesRs3VIYyWodNl.txt HTTP/1.1" 404 314 "-" "Mozilla/5.0 (Windows NT 6.1; WOW64) AppleWebKit/537.36 (KHTML, like Gecko) Chrome/57.0.2987.98 Safari/537.36" -
localhost 0:0:0:0:0:0:0:1 - - [2017-04-20 12:45:23] "GET /favicon.ico HTTP/1.1" 404 295 "http://localhost/MP_verify_MkesRs3VIYyWodNl.txt" "Mozilla/5.0 (Windows NT 6.1; WOW64) AppleWebKit/537.36 (KHTML, like Gecko) Chrome/57.0.2987.98 Safari/537.36" -
localhost 0:0:0:0:0:0:0:1 - - [2017-04-20 12:46:06] "GET /MP_verify_MkesRs3VIYyWodNl.txt HTTP/1.1" 404 314 "-" "Mozilla/5.0 (Windows NT 6.1; WOW64) AppleWebKit/537.36 (KHTML, like Gecko) Chrome/57.0.2987.98 Safari/537.36" -
localhost 0:0:0:0:0:0:0:1 - - [2017-04-20 12:46:48] "GET /MP_verify_MkesRs3VIYyWodNl.txt HTTP/1.1" 404 314 "-" "Mozilla/4.0 (compatible; MSIE 7.0; Windows NT 6.1; WOW64; Trident/5.0; SLCC2; .NET CLR 2.0.50727; NP06; .NET4.0C; .NET4.0E; InfoPath.2; .NET CLR 3.5.30729; .NET CLR 3.0.30729)" -
localhost 0:0:0:0:0:0:0:1 - - [2017-04-20 12:51:17] "GET /favicon.ico HTTP/1.1" 404 295 "-" "Mozilla/5.0 (Windows NT 6.1; WOW64) AppleWebKit/537.36 (KHTML, like Gecko) Chrome/45.0.2454.101 Safari/537.36" -
www.localhost 0:0:0:0:0:0:0:1 - - [2017-04-20 12:51:17] "GET /favicon.ico HTTP/1.1" 404 295 "-" "Mozilla/5.0 (Windows NT 6.1; WOW64) AppleWebKit/537.36 (KHTML, like Gecko) Chrome/45.0.2454.101 Safari/537.36" -
localhost 0:0:0:0:0:0:0:1 - - [2017-04-20 12:51:19] "GET /text/MP_verify_MkesRs3VIYyWodNl.txt HTTP/1.1" 404 319 "-" "Mozilla/4.0 (compatible; MSIE 7.0; Windows NT 6.1; WOW64; Trident/5.0; SLCC2; .NET CLR 2.0.50727; NP06; .NET4.0C; .NET4.0E; InfoPath.2; .NET CLR 3.5.30729; .NET CLR 3.0.30729)" -
localhost 0:0:0:0:0:0:0:1 - - [2017-04-20 12:52:27] "GET /js/zepto.js HTTP/1.1" 200 34135 "-" "Mozilla/4.0 (compatible; MSIE 7.0; Windows NT 6.1; WOW64; Trident/5.0; SLCC2; .NET CLR 2.0.50727; NP06; .NET4.0C; .NET4.0E; InfoPath.2; .NET CLR 3.5.30729; .NET CLR 3.0.30729)" -
localhost 0:0:0:0:0:0:0:1 - - [2017-04-20 12:52:27] "GET /js/zepto.js HTTP/1.1" 200 34135 "-" "Mozilla/4.0 (compatible; MSIE 7.0; Windows NT 6.1; WOW64; Trident/5.0; SLCC2; .NET CLR 2.0.50727; NP06; .NET4.0C; .NET4.0E; InfoPath.2; .NET CLR 3.5.30729; .NET CLR 3.0.30729)" -
localhost 0:0:0:0:0:0:0:1 - - [2017-04-20 12:52:59] "GET /text/MP_verify_yPoDNEPUU1OwQ2kE.txt HTTP/1.1" 200 16 "-" "Mozilla/4.0 (compatible; MSIE 7.0; Windows NT 6.1; WOW64; Trident/5.0; SLCC2; .NET CLR 2.0.50727; NP06; .NET4.0C; .NET4.0E; InfoPath.2; .NET CLR 3.5.30729; .NET CLR 3.0.30729)" -
localhost 0:0:0:0:0:0:0:1 - - [2017-04-20 12:56:09] "GET /MP_verify_MkesRs3VIYyWodNl.txt HTTP/1.1" 404 314 "-" "Mozilla/5.0 (Windows NT 6.1; WOW64) AppleWebKit/537.36 (KHTML, like Gecko) Chrome/57.0.2987.98 Safari/537.36" -
localhost 0:0:0:0:0:0:0:1 - - [2017-04-20 12:56:21] "GET /text/MP_verify_MkesRs3VIYyWodNl.txt HTTP/1.1" 404 319 "-" "Mozilla/5.0 (Windows NT 6.1; WOW64) AppleWebKit/537.36 (KHTML, like Gecko) Chrome/57.0.2987.98 Safari/537.36" -
localhost 0:0:0:0:0:0:0:1 - - [2017-04-20 12:56:34] "GET /text/MP_verify_yPoDNEPUU1OwQ2kE.txt HTTP/1.1" 200 16 "-" "Mozilla/4.0 (compatible; MSIE 7.0; Windows NT 6.1; WOW64; Trident/5.0; SLCC2; .NET CLR 2.0.50727; NP06; .NET4.0C; .NET4.0E; InfoPath.2; .NET CLR 3.5.30729; .NET CLR 3.0.30729)" -
localhost 0:0:0:0:0:0:0:1 - - [2017-04-20 12:56:47] "GET /text/MP_verify_yPoDNEPUU1OwQ2kE.txt HTTP/1.1" 200 16 "-" "Mozilla/5.0 (Windows NT 6.1; WOW64) AppleWebKit/537.36 (KHTML, like Gecko) Chrome/57.0.2987.98 Safari/537.36" -
localhost 0:0:0:0:0:0:0:1 - - [2017-04-20 12:56:51] "GET /MP_verify_yPoDNEPUU1OwQ2kE.txt HTTP/1.1" 200 16 "-" "Mozilla/5.0 (Windows NT 6.1; WOW64) AppleWebKit/537.36 (KHTML, like Gecko) Chrome/57.0.2987.98 Safari/537.36" -
localhost 0:0:0:0:0:0:0:1 - - [2017-04-20 12:57:22] "GET /MP_verify_yPoDNEPUU1OwQ2kE.txt HTTP/1.1" 200 16 "-" "Mozilla/4.0 (compatible; MSIE 7.0; Windows NT 6.1; WOW64; Trident/5.0; SLCC2; .NET CLR 2.0.50727; NP06; .NET4.0C; .NET4.0E; InfoPath.2; .NET CLR 3.5.30729; .NET CLR 3.0.30729)" -
localhost 0:0:0:0:0:0:0:1 - - [2017-04-20 12:57:28] "GET /MP_verify_yPoDNEPUU1OwQ2kE.txt HTTP/1.1" 304 - "-" "Mozilla/5.0 (Windows NT 6.1; WOW64) AppleWebKit/537.36 (KHTML, like Gecko) Chrome/57.0.2987.98 Safari/537.36" -
